<?xml version="1.0" encoding="UTF-8"?>
<!-- Generated by org.testng.reporters.JUnitXMLReporter -->
<testsuite ignored="0" hostname="DESKTOP-8N66185" failures="0" tests="6" name="Default test" time="40.94" errors="0" timestamp="03 Aug 2018 07:41:07 GMT">
  <testcase classname="testing_Pack.Mytestclass" name="load_url" time="9.058"/>
  <testcase classname="testing_Pack.Mytestclass" name="add_record" time="8.327"/>
  <testcase classname="testing_Pack.Mytestclass" name="edit" time="7.738"/>
  <testcase classname="testing_Pack.Mytestclass" name="check_value" time="8.169"/>
  <testcase classname="testing_Pack.Mytestclass" name="delete" time="6.502"/>
  <testcase classname="testing_Pack.Mytestclass" name="finish" time="1.057"/>
</testsuite> <!-- Default test -->
